<?xml version="1.0" encoding="utf-8"?><testsuites name="pytest tests"><testsuite name="pytest" errors="0" failures="0" skipped="0" tests="22" time="12.504" timestamp="2026-08-13T05:40:16.323965+00:00" hostname="agent-env-fe891a07-9e83-4b40-9123-8392d15e5cc8"><testcase classname="tests.test_admin.TestAdminAuth" name="test_anonymous_401[GET-/admin/creators/pending]" time="0.138" /><testcase classname="tests.test_admin.TestAdminAuth" name="test_anonymous_401[GET-/admin/collaborations]" time="0.683" /><testcase classname="tests.test_admin.TestAdminAuth" name="test_anonymous_401[GET-/admin/metrics]" time="0.095" /><testcase classname="tests.test_admin.TestApproveReject" name="test_approve_sets_vetted_and_active_and_is_idempotent" time="2.212" /><testcase classname="tests.test_admin.TestAdminAuth" name="test_creator_403[GET-/admin/creators/pending]" time="0.516" /><testcase classname="tests.test_admin.TestAdminAuth" name="test_creator_403[GET-/admin/collaborations]" time="0.373" /><testcase classname="tests.test_admin.TestAdminAuth" name="test_creator_403[GET-/admin/metrics]" time="0.362" /><testcase classname="tests.test_admin.TestAdminAuth" name="test_brand_403[GET-/admin/creators/pending]" time="0.593" /><testcase classname="tests.test_admin.TestApproveReject" name="test_reject_sets_rejected" time="1.548" /><testcase classname="tests.test_admin.TestAdminAuth" name="test_brand_403[GET-/admin/collaborations]" time="0.545" /><testcase classname="tests.test_admin.TestAdminAuth" name="test_brand_403[GET-/admin/metrics]" time="0.360" /><testcase classname="tests.test_admin.TestAdminAuth" name="test_admin_200[GET-/admin/creators/pending]" time="0.562" /><testcase classname="tests.test_admin.TestApproveReject" name="test_approve_nonexistent_404" time="0.545" /><testcase classname="tests.test_admin.TestAdminAuth" name="test_admin_200[GET-/admin/collaborations]" time="0.549" /><testcase classname="tests.test_admin.TestAdminAuth" name="test_admin_200[GET-/admin/metrics]" time="0.602" /><testcase classname="tests.test_admin.TestPendingCreators" name="test_pending_list_shape_and_filter" time="1.482" /><testcase classname="tests.test_admin.TestPendingCreators" name="test_rejected_and_vetted_not_in_pending" time="1.234" /><testcase classname="tests.test_admin.TestStateMachine" name="test_full_advance_flow" time="3.413" /><testcase classname="tests.test_admin.TestAdminMetrics" name="test_metrics_shape_and_types" time="0.409" /><testcase classname="tests.test_admin.TestAdminMetrics" name="test_metrics_react_to_mark_paid" time="2.742" /><testcase classname="tests.test_admin.TestStateMachine" name="test_advance_from_in_payment_moves_to_closed_without_paying" time="1.934" /><testcase classname="tests.test_admin.TestCollabList" name="test_list_shape" time="1.265" /></testsuite></testsuites>