<?xml version="1.0" encoding="utf-8"?><testsuites name="pytest tests"><testsuite name="pytest" errors="0" failures="0" skipped="0" tests="54" time="19.623" timestamp="2026-08-13T05:24:30.562036+00:00" hostname="agent-env-fe891a07-9e83-4b40-9123-8392d15e5cc8"><testcase classname="tests.test_brand.TestBrandCampaigns" name="test_post_campaign_open_returns_row" time="0.696" /><testcase classname="tests.test_campaigns" name="test_list_campaigns_only_open_and_upcoming" time="0.685" /><testcase classname="tests.test_campaigns" name="test_list_campaigns_area_filter" time="0.588" /><testcase classname="tests.test_brand.TestBrandCampaigns" name="test_post_campaign_draft_allowed" time="0.668" /><testcase classname="tests.test_campaigns" name="test_list_campaigns_requires_auth" time="0.138" /><testcase classname="tests.test_campaigns" name="test_list_campaigns_brand_forbidden" time="0.547" /><testcase classname="tests.test_brand.TestBrandCampaigns" name="test_post_campaign_invalid_category_422" time="0.640" /><testcase classname="tests.test_campaigns" name="test_filters_endpoint" time="0.586" /><testcase classname="tests.test_brand.TestBrandCampaigns" name="test_post_campaign_end_before_start_422" time="0.857" /><testcase classname="tests.test_campaigns" name="test_detail_open_campaign_no_application" time="0.443" /><testcase classname="tests.test_brand.TestBrandCampaigns" name="test_post_campaign_needed_lt_1_422" time="0.654" /><testcase classname="tests.test_campaigns" name="test_detail_draft_hidden_for_creator_visible_for_admin" time="1.364" /><testcase classname="tests.test_brand.TestBrandCampaigns" name="test_list_only_own_and_newest_first" time="1.293" /><testcase classname="tests.test_campaigns" name="test_detail_open_campaign_brand_allowed" time="0.995" /><testcase classname="tests.test_brand.TestBrandCampaigns" name="test_list_forbidden_for_creator" time="0.491" /><testcase classname="tests.test_brand.TestBrandCampaigns" name="test_post_forbidden_for_creator" time="0.593" /><testcase classname="tests.test_campaigns" name="test_detail_draft_hidden_for_brand" time="0.632" /><testcase classname="tests.test_creator_dashboard" name="test_dashboard_requires_auth" time="0.099" /><testcase classname="tests.test_creator_dashboard" name="test_dashboard_forbidden_for_brand" time="0.831" /><testcase classname="tests.test_campaigns" name="test_apply_admin_forbidden" time="0.896" /><testcase classname="tests.test_creator_dashboard" name="test_dashboard_forbidden_for_admin" time="0.547" /><testcase classname="tests.test_campaigns" name="test_detail_invalid_id_404" time="0.584" /><testcase classname="tests.test_campaigns" name="test_apply_missing_body_422" time="0.582" /><testcase classname="tests.test_creator_dashboard" name="test_fresh_creator_dashboard_shape" time="0.626" /><testcase classname="tests.test_creator_dashboard" name="test_creator_onboarding_and_dashboard_flow" time="0.457" /><testcase classname="tests.test_campaigns" name="test_apply_empty_pitch_422" time="0.454" /><testcase classname="tests.test_creator_dashboard" name="test_slot_booked_appears_in_upcoming" time="0.048" /><testcase classname="tests.test_creator_dashboard" name="test_in_payment_appears_in_in_payment_collaborations" time="0.045" /><testcase classname="tests.test_creator_dashboard" name="test_paid_payment_appears_in_payments" time="0.271" /><testcase classname="tests.test_campaigns" name="test_apply_negative_rate_422" time="0.405" /><testcase classname="tests.test_campaigns" name="test_apply_success_then_duplicate_and_detail_embeds_application" time="0.686" /><testcase classname="tests.test_creator_profile" name="test_get_profile_requires_creator_brand_403" time="0.713" /><testcase classname="tests.test_creator_profile" name="test_get_profile_requires_creator_admin_403" time="0.546" /><testcase classname="tests.test_creator_profile" name="test_get_profile_creator_200" time="0.585" /><testcase classname="tests.test_campaigns" name="test_apply_brand_forbidden" time="1.120" /><testcase classname="tests.test_creator_profile" name="test_put_profile_normalizes_and_persists" time="0.733" /><testcase classname="tests.test_campaigns" name="test_apply_unauthenticated_401" time="0.692" /><testcase classname="tests.test_creator_profile" name="test_put_profile_brand_403" time="0.587" /><testcase classname="tests.test_campaigns" name="test_apply_draft_and_closed_404" time="0.633" /><testcase classname="tests.test_campaigns" name="test_apply_invalid_id_404" time="0.539" /><testcase classname="tests.test_creator_profile" name="test_put_profile_vetting_reset_to_pending" time="0.674" /><testcase classname="tests.test_creator_profile" name="test_put_profile_unauthenticated_401" time="0.262" /><testcase classname="tests.test_campaigns" name="test_second_creator_can_apply_to_same_campaign" time="1.017" /><testcase classname="tests.test_brand.TestBrandProfile" name="test_get_profile_stub_after_signup" time="0.647" /><testcase classname="tests.test_brand.TestBrandProfile" name="test_get_profile_forbidden_for_creator" time="0.625" /><testcase classname="tests.test_brand.TestBrandProfile" name="test_get_profile_forbidden_for_admin" time="0.504" /><testcase classname="tests.test_brand.TestBrandDashboard" name="test_dashboard_shape_and_totals" time="1.583" /><testcase classname="tests.test_brand.TestBrandProfile" name="test_put_profile_updates_and_mirrors_name" time="0.498" /><testcase classname="tests.test_brand.TestBrandDashboard" name="test_dashboard_forbidden_for_creator" time="0.584" /><testcase classname="tests.test_brand.TestBrandProfile" name="test_put_profile_wrong_category_422" time="0.602" /><testcase classname="tests.test_brand.TestBrandDashboard" name="test_dashboard_forbidden_for_admin" time="0.562" /><testcase classname="tests.test_brand.TestBrandProfile" name="test_put_profile_empty_areas_allowed" time="0.572" /><testcase classname="tests.test_brand.TestCrossVisibility" name="test_open_campaign_appears_on_creator_feed" time="1.061" /><testcase classname="tests.test_brand.TestCrossVisibility" name="test_draft_hidden_from_creator_visible_to_admin" time="1.191" /></testsuite></testsuites>