<?xml version="1.0" encoding="utf-8"?><testsuites name="pytest tests"><testsuite name="pytest" errors="0" failures="0" skipped="0" tests="76" time="102.226" timestamp="2026-08-13T05:40:33.685150+00:00" hostname="agent-env-fe891a07-9e83-4b40-9123-8392d15e5cc8"><testcase classname="tests.test_admin.TestAdminAuth" name="test_anonymous_401[GET-/admin/creators/pending]" time="0.339" /><testcase classname="tests.test_admin.TestAdminAuth" name="test_anonymous_401[GET-/admin/collaborations]" time="0.094" /><testcase classname="tests.test_campaigns" name="test_list_campaigns_only_open_and_upcoming" time="0.386" /><testcase classname="tests.test_admin.TestAdminAuth" name="test_anonymous_401[GET-/admin/metrics]" time="0.276" /><testcase classname="tests.test_campaigns" name="test_list_campaigns_area_filter" time="0.380" /><testcase classname="tests.test_campaigns" name="test_list_campaigns_requires_auth" time="0.273" /><testcase classname="tests.test_admin.TestAdminAuth" name="test_creator_403[GET-/admin/creators/pending]" time="0.387" /><testcase classname="tests.test_admin.TestAdminAuth" name="test_creator_403[GET-/admin/collaborations]" time="0.586" /><testcase classname="tests.test_campaigns" name="test_list_campaigns_brand_forbidden" time="0.640" /><testcase classname="tests.test_admin.TestAdminAuth" name="test_creator_403[GET-/admin/metrics]" time="0.587" /><testcase classname="tests.test_campaigns" name="test_filters_endpoint" time="0.594" /><testcase classname="tests.test_admin.TestAdminAuth" name="test_brand_403[GET-/admin/creators/pending]" time="0.592" /><testcase classname="tests.test_campaigns" name="test_detail_open_campaign_no_application" time="0.639" /><testcase classname="tests.test_admin.TestAdminAuth" name="test_brand_403[GET-/admin/collaborations]" time="0.597" /><testcase classname="tests.test_campaigns" name="test_detail_draft_hidden_for_creator_visible_for_admin" time="1.224" /><testcase classname="tests.test_admin.TestAdminAuth" name="test_brand_403[GET-/admin/metrics]" time="0.600" /><testcase classname="tests.test_admin.TestAdminAuth" name="test_admin_200[GET-/admin/creators/pending]" time="0.557" /><testcase classname="tests.test_campaigns" name="test_detail_open_campaign_brand_allowed" time="1.111" /><testcase classname="tests.test_admin.TestAdminAuth" name="test_admin_200[GET-/admin/collaborations]" time="0.592" /><testcase classname="tests.test_admin.TestAdminAuth" name="test_admin_200[GET-/admin/metrics]" time="0.576" /><testcase classname="tests.test_campaigns" name="test_detail_draft_hidden_for_brand" time="0.625" /><testcase classname="tests.test_brand.TestBrandCampaigns" name="test_post_campaign_open_returns_row" time="0.904" /><testcase classname="tests.test_campaigns" name="test_apply_admin_forbidden" time="0.908" /><testcase classname="tests.test_brand.TestBrandCampaigns" name="test_post_campaign_draft_allowed" time="0.690" /><testcase classname="tests.test_campaigns" name="test_detail_invalid_id_404" time="0.514" /><testcase classname="tests.test_campaigns" name="test_apply_missing_body_422" time="0.666" /><testcase classname="tests.test_brand.TestBrandCampaigns" name="test_post_campaign_invalid_category_422" time="0.574" /><testcase classname="tests.test_brand.TestBrandCampaigns" name="test_post_campaign_end_before_start_422" time="0.634" /><testcase classname="tests.test_campaigns" name="test_apply_empty_pitch_422" time="0.683" /><testcase classname="tests.test_campaigns" name="test_apply_negative_rate_422" time="0.593" /><testcase classname="tests.test_brand.TestBrandCampaigns" name="test_post_campaign_needed_lt_1_422" time="0.646" /><testcase classname="tests.test_campaigns" name="test_apply_success_then_duplicate_and_detail_embeds_application" time="0.957" /><testcase classname="tests.test_brand.TestBrandCampaigns" name="test_list_only_own_and_newest_first" time="1.658" /><testcase classname="tests.test_campaigns" name="test_apply_brand_forbidden" time="0.789" /><testcase classname="tests.test_campaigns" name="test_apply_unauthenticated_401" time="68.668" /><testcase classname="tests.test_brand.TestBrandCampaigns" name="test_list_forbidden_for_creator" time="0.704" /><testcase classname="tests.test_brand.TestBrandCampaigns" name="test_post_forbidden_for_creator" time="36.116" /><testcase classname="tests.test_creator_dashboard" name="test_dashboard_requires_auth" time="0.129" /><testcase classname="tests.test_creator_dashboard" name="test_dashboard_forbidden_for_brand" time="0.400" /><testcase classname="tests.test_creator_dashboard" name="test_dashboard_forbidden_for_admin" time="0.370" /><testcase classname="tests.test_creator_dashboard" name="test_fresh_creator_dashboard_shape" time="0.374" /><testcase classname="tests.test_creator_dashboard" name="test_creator_onboarding_and_dashboard_flow" time="0.228" /><testcase classname="tests.test_creator_dashboard" name="test_slot_booked_appears_in_upcoming" time="0.049" /><testcase classname="tests.test_creator_dashboard" name="test_in_payment_appears_in_in_payment_collaborations" time="0.045" /><testcase classname="tests.test_creator_dashboard" name="test_paid_payment_appears_in_payments" time="0.048" /><testcase classname="tests.test_creator_profile" name="test_get_profile_requires_creator_brand_403" time="0.359" /><testcase classname="tests.test_creator_profile" name="test_get_profile_requires_creator_admin_403" time="0.364" /><testcase classname="tests.test_creator_profile" name="test_get_profile_creator_200" time="0.359" /><testcase classname="tests.test_creator_profile" name="test_put_profile_normalizes_and_persists" time="0.475" /><testcase classname="tests.test_creator_profile" name="test_put_profile_brand_403" time="0.358" /><testcase classname="tests.test_creator_profile" name="test_put_profile_vetting_reset_to_pending" time="0.446" /><testcase classname="tests.test_creator_profile" name="test_put_profile_unauthenticated_401" time="0.101" /><testcase classname="tests.test_brand.TestBrandProfile" name="test_get_profile_stub_after_signup" time="0.413" /><testcase classname="tests.test_brand.TestBrandProfile" name="test_get_profile_forbidden_for_creator" time="0.364" /><testcase classname="tests.test_brand.TestBrandProfile" name="test_get_profile_forbidden_for_admin" time="0.359" /><testcase classname="tests.test_brand.TestBrandProfile" name="test_put_profile_updates_and_mirrors_name" time="0.470" /><testcase classname="tests.test_brand.TestBrandProfile" name="test_put_profile_wrong_category_422" time="0.421" /><testcase classname="tests.test_brand.TestBrandProfile" name="test_put_profile_empty_areas_allowed" time="0.364" /><testcase classname="tests.test_admin.TestApproveReject" name="test_approve_sets_vetted_and_active_and_is_idempotent" time="0.938" /><testcase classname="tests.test_admin.TestApproveReject" name="test_reject_sets_rejected" time="0.895" /><testcase classname="tests.test_admin.TestApproveReject" name="test_approve_nonexistent_404" time="0.371" /><testcase classname="tests.test_brand.TestBrandDashboard" name="test_dashboard_shape_and_totals" time="0.934" /><testcase classname="tests.test_brand.TestBrandDashboard" name="test_dashboard_forbidden_for_creator" time="0.362" /><testcase classname="tests.test_brand.TestBrandDashboard" name="test_dashboard_forbidden_for_admin" time="0.367" /><testcase classname="tests.test_admin.TestPendingCreators" name="test_pending_list_shape_and_filter" time="0.788" /><testcase classname="tests.test_admin.TestPendingCreators" name="test_rejected_and_vetted_not_in_pending" time="0.888" /><testcase classname="tests.test_campaigns" name="test_apply_draft_and_closed_404" time="0.444" /><testcase classname="tests.test_campaigns" name="test_apply_invalid_id_404" time="0.356" /><testcase classname="tests.test_campaigns" name="test_second_creator_can_apply_to_same_campaign" time="0.731" /><testcase classname="tests.test_brand.TestCrossVisibility" name="test_open_campaign_appears_on_creator_feed" time="1.036" /><testcase classname="tests.test_brand.TestCrossVisibility" name="test_draft_hidden_from_creator_visible_to_admin" time="1.185" /><testcase classname="tests.test_admin.TestCollabList" name="test_list_shape" time="1.336" /><testcase classname="tests.test_admin.TestStateMachine" name="test_full_advance_flow" time="37.577" /><testcase classname="tests.test_admin.TestStateMachine" name="test_advance_from_in_payment_moves_to_closed_without_paying" time="1.766" /><testcase classname="tests.test_admin.TestAdminMetrics" name="test_metrics_shape_and_types" time="0.368" /><testcase classname="tests.test_admin.TestAdminMetrics" name="test_metrics_react_to_mark_paid" time="1.756" /></testsuite></testsuites>