<?xml version="1.0" encoding="utf-8"?><testsuites name="pytest tests"><testsuite name="pytest" errors="0" failures="0" skipped="0" tests="91" time="107.220" timestamp="2026-08-13T07:13:42.786850+00:00" hostname="agent-env-fe891a07-9e83-4b40-9123-8392d15e5cc8"><testcase classname="tests.test_admin.TestAdminAuth" name="test_anonymous_401[GET-/admin/creators/pending]" time="0.336" /><testcase classname="tests.test_admin.TestAdminAuth" name="test_anonymous_401[GET-/admin/collaborations]" time="0.094" /><testcase classname="tests.test_campaigns" name="test_list_campaigns_only_open_and_upcoming" time="0.387" /><testcase classname="tests.test_admin.TestAdminAuth" name="test_anonymous_401[GET-/admin/metrics]" time="0.282" /><testcase classname="tests.test_campaigns" name="test_list_campaigns_area_filter" time="0.423" /><testcase classname="tests.test_campaigns" name="test_list_campaigns_requires_auth" time="0.233" /><testcase classname="tests.test_admin.TestAdminAuth" name="test_creator_403[GET-/admin/creators/pending]" time="0.448" /><testcase classname="tests.test_campaigns" name="test_list_campaigns_brand_forbidden" time="0.610" /><testcase classname="tests.test_admin.TestAdminAuth" name="test_creator_403[GET-/admin/collaborations]" time="0.493" /><testcase classname="tests.test_campaigns" name="test_filters_endpoint" time="0.590" /><testcase classname="tests.test_admin.TestAdminAuth" name="test_creator_403[GET-/admin/metrics]" time="0.587" /><testcase classname="tests.test_admin.TestAdminAuth" name="test_brand_403[GET-/admin/creators/pending]" time="0.624" /><testcase classname="tests.test_campaigns" name="test_detail_open_campaign_no_application" time="0.691" /><testcase classname="tests.test_admin.TestAdminAuth" name="test_brand_403[GET-/admin/collaborations]" time="0.627" /><testcase classname="tests.test_campaigns" name="test_detail_draft_hidden_for_creator_visible_for_admin" time="1.165" /><testcase classname="tests.test_admin.TestAdminAuth" name="test_brand_403[GET-/admin/metrics]" time="0.517" /><testcase classname="tests.test_admin.TestAdminAuth" name="test_admin_200[GET-/admin/creators/pending]" time="0.570" /><testcase classname="tests.test_admin.TestAdminAuth" name="test_admin_200[GET-/admin/collaborations]" time="0.593" /><testcase classname="tests.test_campaigns" name="test_detail_open_campaign_brand_allowed" time="1.123" /><testcase classname="tests.test_admin.TestAdminAuth" name="test_admin_200[GET-/admin/metrics]" time="0.571" /><testcase classname="tests.test_campaigns" name="test_detail_draft_hidden_for_brand" time="0.619" /><testcase classname="tests.test_brand.TestBrandCampaigns" name="test_post_campaign_open_returns_row" time="0.906" /><testcase classname="tests.test_campaigns" name="test_apply_admin_forbidden" time="1.131" /><testcase classname="tests.test_brand.TestBrandCampaigns" name="test_post_campaign_draft_allowed" time="0.404" /><testcase classname="tests.test_campaigns" name="test_detail_invalid_id_404" time="0.604" /><testcase classname="tests.test_brand.TestBrandCampaigns" name="test_post_campaign_invalid_category_422" time="0.563" /><testcase classname="tests.test_brand.TestBrandCampaigns" name="test_post_campaign_end_before_start_422" time="0.644" /><testcase classname="tests.test_campaigns" name="test_apply_missing_body_422" time="0.718" /><testcase classname="tests.test_brand.TestBrandCampaigns" name="test_post_campaign_needed_lt_1_422" time="0.661" /><testcase classname="tests.test_campaigns" name="test_apply_empty_pitch_422" time="0.612" /><testcase classname="tests.test_campaigns" name="test_apply_negative_rate_422" time="0.665" /><testcase classname="tests.test_campaigns" name="test_apply_success_then_duplicate_and_detail_embeds_application" time="0.651" /><testcase classname="tests.test_brand.TestBrandCampaigns" name="test_list_only_own_and_newest_first" time="1.678" /><testcase classname="tests.test_campaigns" name="test_apply_brand_forbidden" time="1.049" /><testcase classname="tests.test_brand.TestBrandCampaigns" name="test_list_forbidden_for_creator" time="0.577" /><testcase classname="tests.test_campaigns" name="test_apply_unauthenticated_401" time="0.653" /><testcase classname="tests.test_brand.TestBrandCampaigns" name="test_post_forbidden_for_creator" time="0.606" /><testcase classname="tests.test_creator_dashboard" name="test_dashboard_requires_auth" time="0.137" /><testcase classname="tests.test_campaigns" name="test_apply_draft_and_closed_404" time="0.655" /><testcase classname="tests.test_creator_dashboard" name="test_dashboard_forbidden_for_brand" time="0.693" /><testcase classname="tests.test_creator_dashboard" name="test_dashboard_forbidden_for_admin" time="0.549" /><testcase classname="tests.test_campaigns" name="test_apply_invalid_id_404" time="0.590" /><testcase classname="tests.test_creator_dashboard" name="test_fresh_creator_dashboard_shape" time="0.590" /><testcase classname="tests.test_creator_dashboard" name="test_creator_onboarding_and_dashboard_flow" time="0.455" /><testcase classname="tests.test_campaigns" name="test_second_creator_can_apply_to_same_campaign" time="1.044" /><testcase classname="tests.test_creator_dashboard" name="test_slot_booked_appears_in_upcoming" time="0.086" /><testcase classname="tests.test_creator_dashboard" name="test_in_payment_appears_in_in_payment_collaborations" time="0.238" /><testcase classname="tests.test_creator_profile" name="test_get_profile_requires_creator_brand_403" time="0.401" /><testcase classname="tests.test_creator_dashboard" name="test_paid_payment_appears_in_payments" time="0.052" /><testcase classname="tests.test_creator_profile" name="test_get_profile_requires_creator_admin_403" time="0.776" /><testcase classname="tests.test_creator_profile" name="test_get_profile_creator_200" time="0.642" /><testcase classname="tests.test_submit_content.TestSubmitContentMultiUrl" name="test_multi_urls_dedupe_and_order" time="2.452" /><testcase classname="tests.test_creator_profile" name="test_put_profile_normalizes_and_persists" time="0.570" /><testcase classname="tests.test_creator_profile" name="test_put_profile_brand_403" time="0.461" /><testcase classname="tests.test_creator_profile" name="test_put_profile_vetting_reset_to_pending" time="0.851" /><testcase classname="tests.test_creator_profile" name="test_put_profile_unauthenticated_401" time="0.303" /><testcase classname="tests.test_submit_content.TestSubmitContentMultiUrl" name="test_empty_urls_list_422" time="2.385" /><testcase classname="tests.test_brand.TestBrandProfile" name="test_get_profile_stub_after_signup" time="0.516" /><testcase classname="tests.test_brand.TestBrandProfile" name="test_get_profile_forbidden_for_creator" time="0.357" /><testcase classname="tests.test_brand.TestBrandProfile" name="test_get_profile_forbidden_for_admin" time="0.407" /><testcase classname="tests.test_brand.TestBrandProfile" name="test_put_profile_updates_and_mirrors_name" time="1.094" /><testcase classname="tests.test_submit_content.TestSubmitContentMultiUrl" name="test_mixed_invalid_url_422" time="2.592" /><testcase classname="tests.test_brand.TestBrandProfile" name="test_put_profile_wrong_category_422" time="0.384" /><testcase classname="tests.test_brand.TestBrandProfile" name="test_put_profile_empty_areas_allowed" time="0.388" /><testcase classname="tests.test_submit_content.TestSubmitContentValidation" name="test_invalid_url_scheme_422" time="2.457" /><testcase classname="tests.test_submit_content.TestSubmitContentMultiUrl" name="test_too_many_urls_422" time="2.133" /><testcase classname="tests.test_submit_content.TestSubmitContentValidation" name="test_not_attended_state_400" time="2.074" /><testcase classname="tests.test_submit_content.TestSubmitContentMultiUrl" name="test_single_url_too_long_422" time="2.152" /><testcase classname="tests.test_submit_content.TestSubmitContentMultiUrl" name="test_legacy_single_url_still_returns_content_urls" time="39.523" /><testcase classname="tests.test_submit_content.TestSubmitContentMultiUrl" name="test_legacy_row_derives_content_urls_in_admin" time="3.798" /><testcase classname="tests.test_brand.TestBrandDashboard" name="test_dashboard_shape_and_totals" time="0.911" /><testcase classname="tests.test_brand.TestBrandDashboard" name="test_dashboard_forbidden_for_creator" time="0.425" /><testcase classname="tests.test_brand.TestBrandDashboard" name="test_dashboard_forbidden_for_admin" time="0.390" /><testcase classname="tests.test_submit_content.TestSubmitContentAuth" name="test_anonymous_401" time="0.101" /><testcase classname="tests.test_submit_content.TestSubmitContentAuth" name="test_brand_403" time="0.369" /><testcase classname="tests.test_submit_content.TestSubmitContentAuth" name="test_admin_403" time="1.392" /><testcase classname="tests.test_admin.TestPendingCreators" name="test_pending_list_shape_and_filter" time="20.495" /><testcase classname="tests.test_admin.TestPendingCreators" name="test_rejected_and_vetted_not_in_pending" time="1.556" /><testcase classname="tests.test_submit_content.TestSubmitContentValidation" name="test_not_owner_404" time="70.785" /><testcase classname="tests.test_admin.TestStateMachine" name="test_full_advance_flow" time="2.878" /><testcase classname="tests.test_submit_content.TestSubmitContentValidation" name="test_invalid_object_id_404" time="0.404" /><testcase classname="tests.test_admin.TestApproveReject" name="test_approve_sets_vetted_and_active_and_is_idempotent" time="1.055" /><testcase classname="tests.test_admin.TestApproveReject" name="test_reject_sets_rejected" time="1.514" /><testcase classname="tests.test_admin.TestStateMachine" name="test_advance_from_in_payment_is_blocked_use_mark_paid" time="2.710" /><testcase classname="tests.test_admin.TestApproveReject" name="test_approve_nonexistent_404" time="0.450" /><testcase classname="tests.test_brand.TestCrossVisibility" name="test_open_campaign_appears_on_creator_feed" time="1.167" /><testcase classname="tests.test_admin.TestAdminMetrics" name="test_metrics_shape_and_types" time="0.368" /><testcase classname="tests.test_admin.TestAdminMetrics" name="test_metrics_react_to_mark_paid" time="3.078" /><testcase classname="tests.test_brand.TestCrossVisibility" name="test_draft_hidden_from_creator_visible_to_admin" time="2.008" /><testcase classname="tests.test_admin.TestCollabList" name="test_list_shape" time="1.780" /><testcase classname="tests.test_submit_content.TestSubmitContentHappyPath" name="test_happy_path_and_persistence" time="1.888" /></testsuite></testsuites>