<?xml version="1.0" encoding="utf-8"?><testsuites name="pytest tests"><testsuite name="pytest" errors="0" failures="0" skipped="0" tests="19" time="2.590" timestamp="2026-08-13T11:26:39.090797+00:00" hostname="agent-env-fe891a07-9e83-4b40-9123-8392d15e5cc8"><testcase classname="tests.test_brand_directory.TestAuthGuardrails" name="test_unauthenticated_directory_401" time="0.183" /><testcase classname="tests.test_brand_directory.TestAuthGuardrails" name="test_unauthenticated_filters_401" time="0.232" /><testcase classname="tests.test_brand_directory.TestDirectoryFilters" name="test_city_filter_mumbai" time="0.517" /><testcase classname="tests.test_brand_directory.TestDirectoryFilters" name="test_min_followers_filter" time="0.073" /><testcase classname="tests.test_brand_directory.TestDirectoryFilters" name="test_sort_followers_desc" time="0.261" /><testcase classname="tests.test_brand_directory.TestDirectoryFilters" name="test_search_q_case_insensitive" time="0.072" /><testcase classname="tests.test_brand_directory.TestDirectoryFilters" name="test_search_travel_narrows" time="0.227" /><testcase classname="tests.test_brand_directory.TestAuthGuardrails" name="test_creator_forbidden_directory" time="0.802" /><testcase classname="tests.test_brand_directory.TestDirectoryFilters" name="test_niche_filter" time="0.073" /><testcase classname="tests.test_brand_directory.TestAuthGuardrails" name="test_creator_forbidden_filters" time="0.072" /><testcase classname="tests.test_brand_directory.TestDirectoryFiltersEndpoint" name="test_filters_shape" time="0.117" /><testcase classname="tests.test_brand_directory.TestDirectoryFiltersEndpoint" name="test_filters_includes_seeded_cities" time="0.298" /><testcase classname="tests.test_brand_directory.TestDirectoryPublicProjection" name="test_admin_can_list" time="0.399" /><testcase classname="tests.test_brand_directory.TestDirectoryFiltersEndpoint" name="test_filters_niches_case_deduplicated" time="0.117" /><testcase classname="tests.test_brand_directory.TestDirectoryPublicProjection" name="test_no_pii_in_projection" time="0.059" /><testcase classname="tests.test_brand_directory.TestDirectoryPublicProjection" name="test_expected_public_fields" time="0.060" /><testcase classname="tests.test_brand_directory.TestDirectoryFiltersEndpoint" name="test_filters_total_matches_directory_length" time="0.197" /><testcase classname="tests.test_brand_directory.TestDirectoryPublicProjection" name="test_seeded_creator_names_present" time="0.060" /><testcase classname="tests.test_brand_directory.TestSeedIdempotency" name="test_count_stable_after_two_requests" time="0.146" /></testsuite></testsuites>