<?xml version="1.0" encoding="utf-8"?><testsuites name="pytest tests"><testsuite name="pytest" errors="0" failures="0" skipped="0" tests="19" time="8.645" timestamp="2026-08-13T05:24:17.206292+00:00" hostname="agent-env-fe891a07-9e83-4b40-9123-8392d15e5cc8"><testcase classname="tests.test_brand.TestBrandProfile" name="test_get_profile_stub_after_signup" time="0.677" /><testcase classname="tests.test_brand.TestBrandCampaigns" name="test_post_campaign_open_returns_row" time="0.722" /><testcase classname="tests.test_brand.TestBrandProfile" name="test_get_profile_forbidden_for_creator" time="0.590" /><testcase classname="tests.test_brand.TestBrandCampaigns" name="test_post_campaign_draft_allowed" time="0.592" /><testcase classname="tests.test_brand.TestBrandProfile" name="test_get_profile_forbidden_for_admin" time="0.549" /><testcase classname="tests.test_brand.TestBrandCampaigns" name="test_post_campaign_invalid_category_422" time="0.591" /><testcase classname="tests.test_brand.TestBrandCampaigns" name="test_post_campaign_end_before_start_422" time="0.543" /><testcase classname="tests.test_brand.TestBrandProfile" name="test_put_profile_updates_and_mirrors_name" time="0.949" /><testcase classname="tests.test_brand.TestBrandCampaigns" name="test_post_campaign_needed_lt_1_422" time="0.655" /><testcase classname="tests.test_brand.TestBrandProfile" name="test_put_profile_wrong_category_422" time="0.421" /><testcase classname="tests.test_brand.TestBrandProfile" name="test_put_profile_empty_areas_allowed" time="0.553" /><testcase classname="tests.test_brand.TestBrandCampaigns" name="test_list_only_own_and_newest_first" time="1.639" /><testcase classname="tests.test_brand.TestBrandDashboard" name="test_dashboard_shape_and_totals" time="1.436" /><testcase classname="tests.test_brand.TestBrandCampaigns" name="test_list_forbidden_for_creator" time="0.427" /><testcase classname="tests.test_brand.TestBrandCampaigns" name="test_post_forbidden_for_creator" time="0.604" /><testcase classname="tests.test_brand.TestBrandDashboard" name="test_dashboard_forbidden_for_creator" time="0.602" /><testcase classname="tests.test_brand.TestBrandDashboard" name="test_dashboard_forbidden_for_admin" time="0.579" /><testcase classname="tests.test_brand.TestCrossVisibility" name="test_open_campaign_appears_on_creator_feed" time="1.159" /><testcase classname="tests.test_brand.TestCrossVisibility" name="test_draft_hidden_from_creator_visible_to_admin" time="1.233" /></testsuite></testsuites>