<?xml version="1.0" encoding="utf-8"?><testsuites name="pytest tests"><testsuite name="pytest" errors="0" failures="0" skipped="0" tests="17" time="3.157" timestamp="2026-08-13T09:11:58.367107+00:00" hostname="agent-env-fe891a07-9e83-4b40-9123-8392d15e5cc8"><testcase classname="tests.test_campaign_filters" name="test_filters_returns_budget_bounds" time="0.860" /><testcase classname="tests.test_campaign_filters" name="test_list_default_newest_first" time="0.091" /><testcase classname="tests.test_campaign_filters" name="test_sort_budget_desc" time="0.081" /><testcase classname="tests.test_campaign_filters" name="test_sort_budget_asc" time="0.083" /><testcase classname="tests.test_campaign_filters" name="test_sort_newest_explicit" time="0.082" /><testcase classname="tests.test_campaign_filters" name="test_budget_min_filter_gt_15k" time="0.064" /><testcase classname="tests.test_campaign_filters" name="test_budget_range_15k_to_50k" time="0.065" /><testcase classname="tests.test_campaign_filters" name="test_budget_max_only_under_5k" time="0.084" /><testcase classname="tests.test_campaign_filters" name="test_q_keyword_narrows_list" time="0.158" /><testcase classname="tests.test_campaign_filters" name="test_q_nonmatching_returns_empty" time="0.067" /><testcase classname="tests.test_campaign_filters" name="test_q_is_case_insensitive" time="0.131" /><testcase classname="tests.test_campaign_filters" name="test_combined_area_category_budget" time="0.132" /><testcase classname="tests.test_campaign_filters" name="test_combined_q_and_sort" time="0.154" /><testcase classname="tests.test_campaign_filters" name="test_admin_login_shape_unchanged" time="0.372" /><testcase classname="tests.test_campaign_filters" name="test_creator_me_shape" time="0.065" /><testcase classname="tests.test_campaign_filters" name="test_list_requires_auth" time="0.100" /><testcase classname="tests.test_campaign_filters" name="test_admin_can_list_campaigns_with_new_params" time="0.049" /></testsuite></testsuites>