<?xml version="1.0" encoding="utf-8"?><testsuites name="pytest tests"><testsuite name="pytest" errors="0" failures="0" skipped="0" tests="14" time="7.197" timestamp="2026-08-13T04:45:40.615110+00:00" hostname="agent-env-fe891a07-9e83-4b40-9123-8392d15e5cc8"><testcase classname="tests.test_campaigns" name="test_list_campaigns_only_open_and_upcoming" time="0.422" /><testcase classname="tests.test_campaigns" name="test_list_campaigns_area_filter" time="0.373" /><testcase classname="tests.test_campaigns" name="test_list_campaigns_category_filter" time="0.490" /><testcase classname="tests.test_campaigns" name="test_list_campaigns_requires_auth" time="0.101" /><testcase classname="tests.test_campaigns" name="test_list_campaigns_brand_forbidden" time="0.416" /><testcase classname="tests.test_campaigns" name="test_filters_endpoint" time="0.363" /><testcase classname="tests.test_campaigns" name="test_detail_open_campaign" time="0.401" /><testcase classname="tests.test_campaigns" name="test_detail_draft_hidden_for_creator_visible_for_admin" time="0.948" /><testcase classname="tests.test_campaigns" name="test_detail_invalid_id_404" time="0.375" /><testcase classname="tests.test_campaigns" name="test_apply_flow_creator_success_then_duplicate" time="0.501" /><testcase classname="tests.test_campaigns" name="test_apply_brand_forbidden" time="0.747" /><testcase classname="tests.test_campaigns" name="test_apply_unauthenticated_401" time="0.467" /><testcase classname="tests.test_campaigns" name="test_apply_invalid_id_404" time="0.371" /><testcase classname="tests.test_campaigns" name="test_second_creator_can_apply_to_same_campaign" time="0.734" /></testsuite></testsuites>