<?xml version="1.0" encoding="utf-8"?><testsuites name="pytest tests"><testsuite name="pytest" errors="0" failures="0" skipped="0" tests="20" time="10.520" timestamp="2026-08-13T05:03:36.279764+00:00" hostname="agent-env-fe891a07-9e83-4b40-9123-8392d15e5cc8"><testcase classname="tests.test_campaigns" name="test_list_campaigns_only_open_and_upcoming" time="0.429" /><testcase classname="tests.test_campaigns" name="test_list_campaigns_area_filter" time="0.374" /><testcase classname="tests.test_campaigns" name="test_list_campaigns_requires_auth" time="0.116" /><testcase classname="tests.test_campaigns" name="test_list_campaigns_brand_forbidden" time="0.370" /><testcase classname="tests.test_campaigns" name="test_filters_endpoint" time="0.379" /><testcase classname="tests.test_campaigns" name="test_detail_open_campaign_no_application" time="0.427" /><testcase classname="tests.test_campaigns" name="test_detail_draft_hidden_for_creator_visible_for_admin" time="0.929" /><testcase classname="tests.test_campaigns" name="test_detail_open_campaign_brand_allowed" time="0.852" /><testcase classname="tests.test_campaigns" name="test_detail_draft_hidden_for_brand" time="0.417" /><testcase classname="tests.test_campaigns" name="test_apply_admin_forbidden" time="0.774" /><testcase classname="tests.test_campaigns" name="test_detail_invalid_id_404" time="0.374" /><testcase classname="tests.test_campaigns" name="test_apply_missing_body_422" time="0.413" /><testcase classname="tests.test_campaigns" name="test_apply_empty_pitch_422" time="0.445" /><testcase classname="tests.test_campaigns" name="test_apply_negative_rate_422" time="0.409" /><testcase classname="tests.test_campaigns" name="test_apply_success_then_duplicate_and_detail_embeds_application" time="0.527" /><testcase classname="tests.test_campaigns" name="test_apply_brand_forbidden" time="0.785" /><testcase classname="tests.test_campaigns" name="test_apply_unauthenticated_401" time="0.472" /><testcase classname="tests.test_campaigns" name="test_apply_draft_and_closed_404" time="0.416" /><testcase classname="tests.test_campaigns" name="test_apply_invalid_id_404" time="0.356" /><testcase classname="tests.test_campaigns" name="test_second_creator_can_apply_to_same_campaign" time="0.734" /></testsuite></testsuites>