<?xml version="1.0" encoding="utf-8"?><testsuites name="pytest tests"><testsuite name="pytest" errors="0" failures="0" skipped="0" tests="7" time="3.257" timestamp="2026-08-13T04:35:11.452018+00:00" hostname="agent-env-fe891a07-9e83-4b40-9123-8392d15e5cc8"><testcase classname="tests.test_creator_profile" name="test_get_profile_requires_creator_brand_403" time="0.487" /><testcase classname="tests.test_creator_profile" name="test_get_profile_requires_creator_admin_403" time="0.403" /><testcase classname="tests.test_creator_profile" name="test_get_profile_creator_200" time="0.441" /><testcase classname="tests.test_creator_profile" name="test_put_profile_normalizes_and_persists" time="0.517" /><testcase classname="tests.test_creator_profile" name="test_put_profile_brand_403" time="0.426" /><testcase classname="tests.test_creator_profile" name="test_put_profile_vetting_reset_to_pending" time="0.436" /><testcase classname="tests.test_creator_profile" name="test_put_profile_unauthenticated_401" time="0.095" /></testsuite></testsuites>