<?xml version="1.0" encoding="utf-8"?><testsuites name="pytest tests"><testsuite name="pytest" errors="0" failures="0" skipped="0" tests="8" time="2.617" timestamp="2026-08-13T05:10:43.225775+00:00" hostname="agent-env-fe891a07-9e83-4b40-9123-8392d15e5cc8"><testcase classname="tests.test_creator_dashboard" name="test_dashboard_requires_auth" time="0.183" /><testcase classname="tests.test_creator_dashboard" name="test_dashboard_forbidden_for_brand" time="0.397" /><testcase classname="tests.test_creator_dashboard" name="test_dashboard_forbidden_for_admin" time="0.359" /><testcase classname="tests.test_creator_dashboard" name="test_fresh_creator_dashboard_shape" time="0.377" /><testcase classname="tests.test_creator_dashboard" name="test_creator_onboarding_and_dashboard_flow" time="0.231" /><testcase classname="tests.test_creator_dashboard" name="test_slot_booked_appears_in_upcoming" time="0.047" /><testcase classname="tests.test_creator_dashboard" name="test_in_payment_appears_in_in_payment_collaborations" time="0.047" /><testcase classname="tests.test_creator_dashboard" name="test_paid_payment_appears_in_payments" time="0.048" /></testsuite></testsuites>