<?xml version="1.0" encoding="utf-8"?><testsuites name="pytest tests"><testsuite name="pytest" errors="0" failures="0" skipped="0" tests="13" time="69.607" timestamp="2026-08-13T08:03:30.917840+00:00" hostname="agent-env-fe891a07-9e83-4b40-9123-8392d15e5cc8"><testcase classname="tests.test_otp_auth" name="test_signup_request_returns_simulation_and_logs_code" time="0.369" /><testcase classname="tests.test_otp_auth" name="test_cooldown_30s" time="0.481" /><testcase classname="tests.test_otp_auth" name="test_verify_signup_creates_creator_and_sets_cookies" time="0.708" /><testcase classname="tests.test_otp_auth" name="test_wrong_code_locks_after_5_attempts" time="2.031" /><testcase classname="tests.test_otp_auth" name="test_signup_existing_phone_returns_409" time="31.911" /><testcase classname="tests.test_otp_auth" name="test_login_flow_after_signup" time="32.453" /><testcase classname="tests.test_otp_auth" name="test_login_unknown_phone_returns_404" time="0.095" /><testcase classname="tests.test_otp_auth" name="test_admin_email_login_success" time="0.321" /><testcase classname="tests.test_otp_auth" name="test_admin_email_login_wrong_password" time="0.329" /><testcase classname="tests.test_otp_auth" name="test_invalid_phone_returns_400[9999911111]" time="0.102" /><testcase classname="tests.test_otp_auth" name="test_invalid_phone_returns_400[+abcdefghij]" time="0.103" /><testcase classname="tests.test_otp_auth" name="test_invalid_phone_returns_400[+12]" time="0.101" /><testcase classname="tests.test_otp_auth" name="test_invalid_phone_returns_400[]" time="0.099" /></testsuite></testsuites>