<?xml version="1.0" encoding="utf-8"?><testsuites name="pytest tests"><testsuite name="pytest" errors="0" failures="0" skipped="0" tests="22" time="17.565" timestamp="2026-08-13T10:59:31.248662+00:00" hostname="agent-env-fe891a07-9e83-4b40-9123-8392d15e5cc8"><testcase classname="tests.test_pivot_city_categories" name="test_creator_put_and_get_city_mumbai" time="0.800" /><testcase classname="tests.test_pivot_city_categories" name="test_creator_put_city_null_returns_null" time="0.748" /><testcase classname="tests.test_pivot_city_categories" name="test_creator_put_city_omitted_returns_null" time="0.712" /><testcase classname="tests.test_pivot_city_categories" name="test_creator_put_city_whitespace_normalized_to_null" time="0.675" /><testcase classname="tests.test_pivot_city_categories" name="test_brand_profile_accepts_all_8_categories[fnb]" time="0.833" /><testcase classname="tests.test_pivot_city_categories" name="test_brand_profile_accepts_all_8_categories[hospitality]" time="0.697" /><testcase classname="tests.test_pivot_city_categories" name="test_brand_profile_accepts_all_8_categories[retail]" time="0.692" /><testcase classname="tests.test_pivot_city_categories" name="test_brand_profile_accepts_all_8_categories[real_estate]" time="0.752" /><testcase classname="tests.test_pivot_city_categories" name="test_brand_profile_accepts_all_8_categories[fashion]" time="0.693" /><testcase classname="tests.test_pivot_city_categories" name="test_brand_profile_accepts_all_8_categories[travel]" time="0.813" /><testcase classname="tests.test_pivot_city_categories" name="test_brand_profile_accepts_all_8_categories[wellness]" time="0.880" /><testcase classname="tests.test_pivot_city_categories" name="test_brand_profile_accepts_all_8_categories[lifestyle]" time="0.720" /><testcase classname="tests.test_pivot_city_categories" name="test_post_campaign_new_categories[real_estate]" time="0.735" /><testcase classname="tests.test_pivot_city_categories" name="test_post_campaign_new_categories[fashion]" time="0.693" /><testcase classname="tests.test_pivot_city_categories" name="test_post_campaign_new_categories[travel]" time="0.701" /><testcase classname="tests.test_pivot_city_categories" name="test_post_campaign_new_categories[wellness]" time="0.746" /><testcase classname="tests.test_pivot_city_categories" name="test_post_campaign_invalid_category_422" time="0.794" /><testcase classname="tests.test_pivot_city_categories" name="test_new_category_campaign_appears_in_list" time="1.465" /><testcase classname="tests.test_pivot_city_categories" name="test_filters_endpoint_shape" time="0.663" /><testcase classname="tests.test_pivot_city_categories" name="test_list_campaigns_filters_still_work" time="0.747" /><testcase classname="tests.test_pivot_city_categories" name="test_admin_creators_pending_returns_city" time="1.121" /><testcase classname="tests.test_pivot_city_categories" name="test_admin_login_still_works" time="0.358" /></testsuite></testsuites>