<?xml version="1.0" encoding="utf-8"?><testsuites name="pytest tests"><testsuite name="pytest" errors="0" failures="0" skipped="0" tests="15" time="15.593" timestamp="2026-08-13T07:13:22.834882+00:00" hostname="agent-env-fe891a07-9e83-4b40-9123-8392d15e5cc8"><testcase classname="tests.test_submit_content.TestSubmitContentValidation" name="test_invalid_url_scheme_422" time="2.308" /><testcase classname="tests.test_submit_content.TestSubmitContentMultiUrl" name="test_multi_urls_dedupe_and_order" time="2.631" /><testcase classname="tests.test_submit_content.TestSubmitContentValidation" name="test_not_attended_state_400" time="1.954" /><testcase classname="tests.test_submit_content.TestSubmitContentMultiUrl" name="test_empty_urls_list_422" time="2.670" /><testcase classname="tests.test_submit_content.TestSubmitContentValidation" name="test_not_owner_404" time="2.583" /><testcase classname="tests.test_submit_content.TestSubmitContentMultiUrl" name="test_mixed_invalid_url_422" time="2.096" /><testcase classname="tests.test_submit_content.TestSubmitContentValidation" name="test_invalid_object_id_404" time="0.503" /><testcase classname="tests.test_submit_content.TestSubmitContentAuth" name="test_anonymous_401" time="0.140" /><testcase classname="tests.test_submit_content.TestSubmitContentAuth" name="test_brand_403" time="0.748" /><testcase classname="tests.test_submit_content.TestSubmitContentAuth" name="test_admin_403" time="0.554" /><testcase classname="tests.test_submit_content.TestSubmitContentMultiUrl" name="test_too_many_urls_422" time="2.655" /><testcase classname="tests.test_submit_content.TestSubmitContentHappyPath" name="test_happy_path_and_persistence" time="2.345" /><testcase classname="tests.test_submit_content.TestSubmitContentMultiUrl" name="test_single_url_too_long_422" time="1.829" /><testcase classname="tests.test_submit_content.TestSubmitContentMultiUrl" name="test_legacy_single_url_still_returns_content_urls" time="1.590" /><testcase classname="tests.test_submit_content.TestSubmitContentMultiUrl" name="test_legacy_row_derives_content_urls_in_admin" time="1.586" /></testsuite></testsuites>