<?xml version="1.0" encoding="utf-8"?><testsuites name="pytest tests"><testsuite name="pytest" errors="0" failures="0" skipped="0" tests="8" time="6.750" timestamp="2026-08-13T05:53:29.443954+00:00" hostname="agent-env-fe891a07-9e83-4b40-9123-8392d15e5cc8"><testcase classname="tests.test_submit_content.TestSubmitContentAuth" name="test_anonymous_401" time="0.197" /><testcase classname="tests.test_submit_content.TestSubmitContentAuth" name="test_brand_403" time="0.745" /><testcase classname="tests.test_submit_content.TestSubmitContentAuth" name="test_admin_403" time="0.543" /><testcase classname="tests.test_submit_content.TestSubmitContentValidation" name="test_invalid_url_scheme_422" time="2.676" /><testcase classname="tests.test_submit_content.TestSubmitContentHappyPath" name="test_happy_path_and_persistence" time="2.371" /><testcase classname="tests.test_submit_content.TestSubmitContentValidation" name="test_not_attended_state_400" time="1.328" /><testcase classname="tests.test_submit_content.TestSubmitContentValidation" name="test_not_owner_404" time="1.932" /><testcase classname="tests.test_submit_content.TestSubmitContentValidation" name="test_invalid_object_id_404" time="0.359" /></testsuite></testsuites>